RUN	org.example.scenarios.api.JavaGatling	javagatling	1711386560762	 	3.10.4
USER	Plan creation	START	1711386561482
USER	Plan creation	START	1711386561482
USER	Plan creation	START	1711386561483
USER	Plan creation	START	1711386561481
USER	Plan creation	START	1711386561484
USER	Plan creation	START	1711386561484
USER	Plan creation	START	1711386561484
USER	Plan creation	START	1711386561484
USER	Plan creation	START	1711386561481
USER	Plan creation	START	1711386561485
USER	Plan creation	START	1711386561486
USER	Plan creation	START	1711386561486
USER	Plan creation	START	1711386561487
USER	Plan creation	START	1711386561487
USER	Plan creation	START	1711386561488
REQUEST		get	1711386561474	1711386561566	OK	 
REQUEST		get	1711386561476	1711386561567	OK	 
REQUEST		get	1711386561474	1711386561573	OK	 
REQUEST		get	1711386561484	1711386561573	OK	 
REQUEST		get	1711386561476	1711386561562	OK	 
REQUEST		get	1711386561483	1711386561575	OK	 
REQUEST		get	1711386561486	1711386561562	OK	 
REQUEST		get	1711386561474	1711386561576	OK	 
REQUEST		get	1711386561487	1711386561577	OK	 
REQUEST		get	1711386561476	1711386561577	OK	 
REQUEST		get	1711386561483	1711386561577	OK	 
REQUEST		get	1711386561476	1711386561571	OK	 
REQUEST		get	1711386561486	1711386561578	OK	 
REQUEST		get	1711386561476	1711386561580	OK	 
REQUEST		get	1711386561483	1711386561581	OK	 
REQUEST		get Redirect 1	1711386561574	1711386561625	OK	 
REQUEST		get Redirect 1	1711386561573	1711386561622	OK	 
REQUEST		get Redirect 1	1711386561574	1711386561633	OK	 
USER	Plan creation	END	1711386561634
USER	Plan creation	END	1711386561634
REQUEST		get Redirect 1	1711386561577	1711386561634	OK	 
USER	Plan creation	END	1711386561634
USER	Plan creation	END	1711386561635
REQUEST		get Redirect 1	1711386561573	1711386561635	OK	 
USER	Plan creation	END	1711386561636
REQUEST		get Redirect 1	1711386561575	1711386561639	OK	 
USER	Plan creation	END	1711386561640
REQUEST		get Redirect 1	1711386561577	1711386561647	OK	 
USER	Plan creation	END	1711386561648
REQUEST		get Redirect 1	1711386561579	1711386561650	OK	 
USER	Plan creation	END	1711386561651
REQUEST		get Redirect 1	1711386561577	1711386561659	OK	 
USER	Plan creation	END	1711386561659
REQUEST		get Redirect 1	1711386561576	1711386561662	OK	 
USER	Plan creation	END	1711386561662
REQUEST		get Redirect 1	1711386561573	1711386561667	OK	 
REQUEST		get Redirect 1	1711386561580	1711386561668	OK	 
USER	Plan creation	END	1711386561668
USER	Plan creation	END	1711386561668
REQUEST		get Redirect 1	1711386561581	1711386561675	OK	 
USER	Plan creation	END	1711386561676
REQUEST		get Redirect 1	1711386561578	1711386561678	OK	 
USER	Plan creation	END	1711386561678
REQUEST		get Redirect 1	1711386561575	1711386561680	OK	 
USER	Plan creation	END	1711386561680
