RUN	org.example.scenarios.api.JavaGatling	javagatling	1711388987784	 	3.10.4
USER	Plan creation	START	1711388988749
USER	Plan creation	START	1711388988749
USER	Plan creation	START	1711388988750
USER	Plan creation	START	1711388988751
USER	Plan creation	START	1711388988751
USER	Plan creation	START	1711388988752
USER	Plan creation	START	1711388988752
USER	Plan creation	START	1711388988753
USER	Plan creation	START	1711388988754
USER	Plan creation	START	1711388988754
USER	Plan creation	START	1711388988754
USER	Plan creation	START	1711388988756
USER	Plan creation	START	1711388988756
USER	Plan creation	START	1711388988757
USER	Plan creation	START	1711388988758
REQUEST		get	1711388988746	1711388988875	OK	 
REQUEST		get	1711388988747	1711388988874	OK	 
REQUEST		get	1711388988754	1711388988878	OK	 
REQUEST		get	1711388988756	1711388988885	OK	 
REQUEST		get	1711388988750	1711388988874	OK	 
REQUEST		get	1711388988747	1711388988886	OK	 
REQUEST		get	1711388988752	1711388988878	OK	 
REQUEST		get	1711388988746	1711388988886	OK	 
REQUEST		get	1711388988746	1711388988887	OK	 
REQUEST		get	1711388988752	1711388988875	OK	 
REQUEST		get	1711388988753	1711388988877	OK	 
REQUEST		get	1711388988747	1711388988888	OK	 
REQUEST		get	1711388988747	1711388988888	OK	 
REQUEST		get	1711388988747	1711388988874	OK	 
REQUEST		get	1711388988757	1711388988890	OK	 
REQUEST		get Redirect 1	1711388988885	1711388988951	OK	 
REQUEST		get Redirect 1	1711388988886	1711388988953	OK	 
REQUEST		get Redirect 1	1711388988890	1711388988953	OK	 
REQUEST		get Redirect 1	1711388988884	1711388988946	OK	 
REQUEST		get Redirect 1	1711388988885	1711388988951	OK	 
USER	Plan creation	END	1711388988955
USER	Plan creation	END	1711388988955
USER	Plan creation	END	1711388988955
USER	Plan creation	END	1711388988956
REQUEST		get Redirect 1	1711388988886	1711388988957	OK	 
REQUEST		get Redirect 1	1711388988886	1711388988957	OK	 
REQUEST		get Redirect 1	1711388988885	1711388988957	OK	 
USER	Plan creation	END	1711388988957
USER	Plan creation	END	1711388988958
USER	Plan creation	END	1711388988958
USER	Plan creation	END	1711388988958
REQUEST		get Redirect 1	1711388988887	1711388988958	OK	 
REQUEST		get Redirect 1	1711388988887	1711388988958	OK	 
USER	Plan creation	END	1711388988959
REQUEST		get Redirect 1	1711388988888	1711388988960	OK	 
REQUEST		get Redirect 1	1711388988890	1711388988960	OK	 
USER	Plan creation	END	1711388988959
USER	Plan creation	END	1711388988960
USER	Plan creation	END	1711388988960
REQUEST		get Redirect 1	1711388988889	1711388988961	OK	 
USER	Plan creation	END	1711388988962
REQUEST		get Redirect 1	1711388988887	1711388988964	OK	 
USER	Plan creation	END	1711388988964
REQUEST		get Redirect 1	1711388988888	1711388988965	OK	 
USER	Plan creation	END	1711388988965
