RUN	org.example.scenarios.api.JavaGatling	javagatling	1711389357686	 	3.10.4
USER	Plan creation	START	1711389358461
USER	Plan creation	START	1711389358463
USER	Plan creation	START	1711389358464
USER	Plan creation	START	1711389358464
USER	Plan creation	START	1711389358464
USER	Plan creation	START	1711389358464
USER	Plan creation	START	1711389358464
USER	Plan creation	START	1711389358465
USER	Plan creation	START	1711389358465
USER	Plan creation	START	1711389358465
USER	Plan creation	START	1711389358465
USER	Plan creation	START	1711389358466
USER	Plan creation	START	1711389358467
USER	Plan creation	START	1711389358469
USER	Plan creation	START	1711389358475
REQUEST		get	1711389358454	1711389358479	OK	 
REQUEST		get	1711389358455	1711389358486	OK	 
REQUEST		get	1711389358455	1711389358482	OK	 
REQUEST		get	1711389358467	1711389358487	OK	 
REQUEST		get	1711389358474	1711389358487	OK	 
REQUEST		get	1711389358454	1711389358481	OK	 
REQUEST		get	1711389358464	1711389358489	OK	 
REQUEST		get	1711389358464	1711389358484	OK	 
REQUEST		get	1711389358455	1711389358491	OK	 
REQUEST		get	1711389358454	1711389358482	OK	 
REQUEST		get	1711389358465	1711389358483	OK	 
REQUEST		get	1711389358465	1711389358493	OK	 
REQUEST		get	1711389358455	1711389358493	OK	 
REQUEST		get	1711389358463	1711389358475	OK	 
REQUEST		get	1711389358454	1711389358497	OK	 
REQUEST		get Redirect 1	1711389358496	1711389358504	OK	 
REQUEST		get Redirect 1	1711389358490	1711389358506	OK	 
REQUEST		get Redirect 1	1711389358486	1711389358497	OK	 
REQUEST		get Redirect 1	1711389358492	1711389358507	OK	 
REQUEST		get Redirect 1	1711389358493	1711389358509	OK	 
REQUEST		get Redirect 1	1711389358493	1711389358509	OK	 
USER	Plan creation	END	1711389358510
USER	Plan creation	END	1711389358510
USER	Plan creation	END	1711389358511
REQUEST		get Redirect 1	1711389358497	1711389358511	OK	 
USER	Plan creation	END	1711389358511
REQUEST		get Redirect 1	1711389358492	1711389358511	OK	 
USER	Plan creation	END	1711389358511
USER	Plan creation	END	1711389358512
USER	Plan creation	END	1711389358512
REQUEST		get Redirect 1	1711389358489	1711389358502	OK	 
REQUEST		get Redirect 1	1711389358489	1711389358514	OK	 
REQUEST		get Redirect 1	1711389358487	1711389358514	OK	 
USER	Plan creation	END	1711389358514
USER	Plan creation	END	1711389358514
USER	Plan creation	END	1711389358515
REQUEST		get Redirect 1	1711389358486	1711389358497	OK	 
USER	Plan creation	END	1711389358515
USER	Plan creation	END	1711389358517
REQUEST		get Redirect 1	1711389358486	1711389358499	OK	 
USER	Plan creation	END	1711389358518
REQUEST		get Redirect 1	1711389358487	1711389358519	OK	 
USER	Plan creation	END	1711389358519
REQUEST		get Redirect 1	1711389358494	1711389358517	OK	 
USER	Plan creation	END	1711389358520
