RUN	org.example.scenarios.api.JavaGatling	javagatling	1711387206275	 	3.10.4
USER	Plan creation	START	1711387206834
USER	Plan creation	START	1711387206835
USER	Plan creation	START	1711387206835
USER	Plan creation	START	1711387206836
USER	Plan creation	START	1711387206836
USER	Plan creation	START	1711387206837
USER	Plan creation	START	1711387206837
USER	Plan creation	START	1711387206837
USER	Plan creation	START	1711387206838
USER	Plan creation	START	1711387206838
USER	Plan creation	START	1711387206839
USER	Plan creation	START	1711387206839
USER	Plan creation	START	1711387206840
USER	Plan creation	START	1711387206840
USER	Plan creation	START	1711387206842
REQUEST		get	1711387206831	1711387206860	OK	 
REQUEST		get	1711387206830	1711387206868	OK	 
REQUEST		get	1711387206836	1711387206868	OK	 
REQUEST		get	1711387206830	1711387206867	OK	 
REQUEST		get	1711387206831	1711387206869	OK	 
REQUEST		get	1711387206837	1711387206872	OK	 
REQUEST		get	1711387206837	1711387206872	OK	 
REQUEST		get	1711387206830	1711387206872	OK	 
REQUEST		get	1711387206830	1711387206868	OK	 
REQUEST		get	1711387206839	1711387206873	OK	 
REQUEST		get	1711387206835	1711387206873	OK	 
REQUEST		get	1711387206830	1711387206868	OK	 
REQUEST		get	1711387206830	1711387206869	OK	 
REQUEST		get	1711387206839	1711387206875	OK	 
REQUEST		get	1711387206841	1711387206875	OK	 
REQUEST		get Redirect 1	1711387206870	1711387206888	OK	 
USER	Plan creation	END	1711387206892
REQUEST		get Redirect 1	1711387206871	1711387206892	OK	 
USER	Plan creation	END	1711387206893
REQUEST		get Redirect 1	1711387206870	1711387206882	OK	 
REQUEST		get Redirect 1	1711387206875	1711387206895	OK	 
REQUEST		get Redirect 1	1711387206873	1711387206895	OK	 
REQUEST		get Redirect 1	1711387206872	1711387206896	OK	 
REQUEST		get Redirect 1	1711387206874	1711387206897	OK	 
REQUEST		get Redirect 1	1711387206873	1711387206898	OK	 
REQUEST		get Redirect 1	1711387206874	1711387206901	OK	 
REQUEST		get Redirect 1	1711387206875	1711387206901	OK	 
REQUEST		get Redirect 1	1711387206879	1711387206903	OK	 
USER	Plan creation	END	1711387206904
USER	Plan creation	END	1711387206904
USER	Plan creation	END	1711387206904
USER	Plan creation	END	1711387206904
USER	Plan creation	END	1711387206904
USER	Plan creation	END	1711387206904
USER	Plan creation	END	1711387206904
USER	Plan creation	END	1711387206904
USER	Plan creation	END	1711387206904
REQUEST		get Redirect 1	1711387206875	1711387206905	OK	 
USER	Plan creation	END	1711387206906
REQUEST		get Redirect 1	1711387206872	1711387206907	OK	 
USER	Plan creation	END	1711387206908
REQUEST		get Redirect 1	1711387206871	1711387206909	OK	 
USER	Plan creation	END	1711387206909
REQUEST		get Redirect 1	1711387206873	1711387206911	OK	 
USER	Plan creation	END	1711387206911
