RUN	org.example.scenarios.api.JavaGatling	javagatling	1711389474822	 	3.10.4
USER	Plan creation	START	1711389475637
USER	Plan creation	START	1711389475638
USER	Plan creation	START	1711389475639
USER	Plan creation	START	1711389475639
USER	Plan creation	START	1711389475639
USER	Plan creation	START	1711389475639
USER	Plan creation	START	1711389475639
USER	Plan creation	START	1711389475640
USER	Plan creation	START	1711389475641
USER	Plan creation	START	1711389475642
USER	Plan creation	START	1711389475642
USER	Plan creation	START	1711389475637
USER	Plan creation	START	1711389475643
USER	Plan creation	START	1711389475643
USER	Plan creation	START	1711389475644
REQUEST		get	1711389475642	1711389475700	OK	 
REQUEST		get	1711389475633	1711389475704	OK	 
REQUEST		get	1711389475643	1711389475703	OK	 
REQUEST		get	1711389475638	1711389475703	OK	 
REQUEST		get	1711389475634	1711389475706	OK	 
REQUEST		get	1711389475633	1711389475706	OK	 
REQUEST		get	1711389475640	1711389475706	OK	 
REQUEST		get	1711389475639	1711389475695	OK	 
REQUEST		get	1711389475643	1711389475702	OK	 
REQUEST		get	1711389475634	1711389475708	OK	 
REQUEST		get	1711389475638	1711389475709	OK	 
REQUEST		get	1711389475633	1711389475700	OK	 
REQUEST		get	1711389475639	1711389475710	OK	 
REQUEST		get	1711389475640	1711389475711	OK	 
REQUEST		get	1711389475634	1711389475713	OK	 
REQUEST		get Redirect 1	1711389475707	1711389475744	OK	 
REQUEST		get Redirect 1	1711389475706	1711389475743	OK	 
REQUEST		get Redirect 1	1711389475712	1711389475749	OK	 
REQUEST		get Redirect 1	1711389475705	1711389475742	OK	 
REQUEST		get Redirect 1	1711389475709	1711389475745	OK	 
REQUEST		get Redirect 1	1711389475706	1711389475744	OK	 
REQUEST		get Redirect 1	1711389475712	1711389475747	OK	 
USER	Plan creation	END	1711389475751
USER	Plan creation	END	1711389475751
REQUEST		get Redirect 1	1711389475706	1711389475752	OK	 
REQUEST		get Redirect 1	1711389475710	1711389475753	OK	 
REQUEST		get Redirect 1	1711389475709	1711389475753	OK	 
REQUEST		get Redirect 1	1711389475711	1711389475753	OK	 
REQUEST		get Redirect 1	1711389475705	1711389475740	OK	 
REQUEST		get Redirect 1	1711389475711	1711389475754	OK	 
REQUEST		get Redirect 1	1711389475706	1711389475755	OK	 
REQUEST		get Redirect 1	1711389475713	1711389475755	OK	 
USER	Plan creation	END	1711389475756
USER	Plan creation	END	1711389475756
USER	Plan creation	END	1711389475756
USER	Plan creation	END	1711389475756
USER	Plan creation	END	1711389475756
USER	Plan creation	END	1711389475756
USER	Plan creation	END	1711389475756
USER	Plan creation	END	1711389475756
USER	Plan creation	END	1711389475757
USER	Plan creation	END	1711389475757
USER	Plan creation	END	1711389475757
USER	Plan creation	END	1711389475757
USER	Plan creation	END	1711389475757
