RUN	org.example.scenarios.api.JavaGatling	javagatling	1711383438186	 	3.10.4
USER	Plan creation	START	1711383438962
USER	Plan creation	START	1711383438962
USER	Plan creation	START	1711383438963
USER	Plan creation	START	1711383438964
USER	Plan creation	START	1711383438964
USER	Plan creation	START	1711383438964
USER	Plan creation	START	1711383438964
USER	Plan creation	START	1711383438965
USER	Plan creation	START	1711383438965
USER	Plan creation	START	1711383438965
USER	Plan creation	START	1711383438966
USER	Plan creation	START	1711383438966
USER	Plan creation	START	1711383438966
USER	Plan creation	START	1711383438967
USER	Plan creation	START	1711383438968
REQUEST		get	1711383438965	1711383439080	OK	 
REQUEST		get	1711383438959	1711383439085	OK	 
REQUEST		get	1711383438963	1711383439088	OK	 
REQUEST		get	1711383438964	1711383439086	OK	 
REQUEST		get	1711383438959	1711383439089	OK	 
REQUEST		get	1711383438959	1711383439085	OK	 
REQUEST		get	1711383438965	1711383439091	OK	 
REQUEST		get	1711383438959	1711383439078	OK	 
REQUEST		get	1711383438960	1711383439094	OK	 
REQUEST		get	1711383438963	1711383439077	OK	 
REQUEST		get	1711383438959	1711383439095	OK	 
REQUEST		get	1711383438968	1711383439095	OK	 
REQUEST		get	1711383438959	1711383439096	OK	 
REQUEST		get	1711383438959	1711383439076	OK	 
REQUEST		get	1711383438966	1711383439098	OK	 
REQUEST		get Redirect 1	1711383439095	1711383439154	OK	 
REQUEST		get Redirect 1	1711383439090	1711383439157	OK	 
REQUEST		get Redirect 1	1711383439096	1711383439161	OK	 
REQUEST		get Redirect 1	1711383439091	1711383439152	OK	 
USER	Plan creation	END	1711383439163
USER	Plan creation	END	1711383439163
REQUEST		get Redirect 1	1711383439097	1711383439164	OK	 
USER	Plan creation	END	1711383439165
REQUEST		get Redirect 1	1711383439091	1711383439165	OK	 
USER	Plan creation	END	1711383439165
REQUEST		get Redirect 1	1711383439087	1711383439156	OK	 
USER	Plan creation	END	1711383439166
USER	Plan creation	END	1711383439166
REQUEST		get Redirect 1	1711383439089	1711383439153	OK	 
REQUEST		get Redirect 1	1711383439097	1711383439160	OK	 
REQUEST		get Redirect 1	1711383439090	1711383439168	OK	 
REQUEST		get Redirect 1	1711383439092	1711383439156	OK	 
USER	Plan creation	END	1711383439167
USER	Plan creation	END	1711383439169
REQUEST		get Redirect 1	1711383439095	1711383439170	OK	 
USER	Plan creation	END	1711383439170
REQUEST		get Redirect 1	1711383439098	1711383439171	OK	 
USER	Plan creation	END	1711383439171
USER	Plan creation	END	1711383439172
REQUEST		get Redirect 1	1711383439096	1711383439172	OK	 
USER	Plan creation	END	1711383439172
USER	Plan creation	END	1711383439173
USER	Plan creation	END	1711383439173
REQUEST		get Redirect 1	1711383439088	1711383439173	OK	 
USER	Plan creation	END	1711383439174
