RUN	org.example.scenarios.api.JavaGatling	javagatling	1711898931085	yyyy	3.10.4
USER	Plan creation	START	1711898932785
REQUEST		get	1711898932780	1711898933064	OK	 
REQUEST		get Redirect 1	1711898933094	1711898933237	OK	 
USER	Plan creation	END	1711898933249
USER	Plan creation	START	1711898933253
USER	Plan creation	START	1711898933255
REQUEST		get	1711898933254	1711898933595	OK	 
REQUEST		get	1711898933250	1711898933596	OK	 
REQUEST		get Redirect 1	1711898933597	1711898933738	OK	 
REQUEST		get Redirect 1	1711898933597	1711898933738	OK	 
USER	Plan creation	END	1711898933740
USER	Plan creation	END	1711898933740
USER	Plan creation	START	1711898933743
USER	Plan creation	START	1711898933744
REQUEST		get	1711898933741	1711898934015	OK	 
REQUEST		get	1711898933741	1711898934015	OK	 
REQUEST		get Redirect 1	1711898934017	1711898934166	OK	 
REQUEST		get Redirect 1	1711898934017	1711898934166	OK	 
USER	Plan creation	END	1711898934168
USER	Plan creation	END	1711898934169
USER	Plan creation	START	1711898934176
USER	Plan creation	START	1711898934176
REQUEST		get	1711898934172	1711898934531	OK	 
REQUEST		get	1711898934172	1711898934531	OK	 
REQUEST		get Redirect 1	1711898934532	1711898934692	OK	 
REQUEST		get Redirect 1	1711898934532	1711898934692	OK	 
USER	Plan creation	END	1711898934693
USER	Plan creation	END	1711898934694
USER	Plan creation	START	1711898934700
USER	Plan creation	START	1711898934700
REQUEST		get	1711898934696	1711898935046	OK	 
REQUEST		get	1711898934696	1711898935046	OK	 
REQUEST		get Redirect 1	1711898935051	1711898935195	OK	 
REQUEST		get Redirect 1	1711898935051	1711898935195	OK	 
USER	Plan creation	END	1711898935203
USER	Plan creation	END	1711898935205
USER	Plan creation	START	1711898935210
USER	Plan creation	START	1711898935210
REQUEST		get	1711898935207	1711898935574	OK	 
REQUEST		get	1711898935207	1711898935574	OK	 
REQUEST		get Redirect 1	1711898935576	1711898935729	OK	 
USER	Plan creation	END	1711898935732
REQUEST		get Redirect 1	1711898935576	1711898935734	OK	 
USER	Plan creation	END	1711898935736
USER	Plan creation	START	1711898935739
USER	Plan creation	START	1711898935742
REQUEST		get	1711898935736	1711898936087	OK	 
REQUEST		get	1711898935739	1711898936099	OK	 
REQUEST		get Redirect 1	1711898936089	1711898936236	OK	 
USER	Plan creation	END	1711898936238
USER	Plan creation	START	1711898936251
REQUEST		get Redirect 1	1711898936101	1711898936260	OK	 
USER	Plan creation	END	1711898936261
USER	Plan creation	START	1711898936265
REQUEST		get	1711898936263	1711898936619	OK	 
REQUEST		get	1711898936241	1711898936629	OK	 
REQUEST		get Redirect 1	1711898936630	1711898936781	OK	 
REQUEST		get Redirect 1	1711898936621	1711898936784	OK	 
USER	Plan creation	END	1711898936792
USER	Plan creation	END	1711898936793
USER	Plan creation	START	1711898936796
USER	Plan creation	START	1711898936796
REQUEST		get	1711898936795	1711898937129	OK	 
REQUEST		get	1711898936795	1711898937135	OK	 
REQUEST		get Redirect 1	1711898937131	1711898937273	OK	 
USER	Plan creation	END	1711898937282
USER	Plan creation	START	1711898937286
REQUEST		get Redirect 1	1711898937137	1711898937290	OK	 
USER	Plan creation	END	1711898937293
USER	Plan creation	START	1711898937296
REQUEST		get	1711898937285	1711898937545	OK	 
REQUEST		get	1711898937295	1711898937564	OK	 
REQUEST		get Redirect 1	1711898937548	1711898937694	OK	 
USER	Plan creation	END	1711898937699
USER	Plan creation	START	1711898937703
REQUEST		get Redirect 1	1711898937565	1711898937708	OK	 
USER	Plan creation	END	1711898937710
USER	Plan creation	START	1711898937712
REQUEST		get	1711898937711	1711898938044	OK	 
REQUEST		get	1711898937701	1711898938044	OK	 
REQUEST		get Redirect 1	1711898938046	1711898938192	OK	 
REQUEST		get Redirect 1	1711898938046	1711898938194	OK	 
USER	Plan creation	END	1711898938196
USER	Plan creation	END	1711898938197
USER	Plan creation	START	1711898938200
USER	Plan creation	START	1711898938203
REQUEST		get	1711898938199	1711898938457	OK	 
REQUEST		get	1711898938199	1711898938457	OK	 
REQUEST		get Redirect 1	1711898938461	1711898938601	OK	 
REQUEST		get Redirect 1	1711898938461	1711898938601	OK	 
USER	Plan creation	END	1711898938602
USER	Plan creation	END	1711898938602
USER	Plan creation	START	1711898938610
USER	Plan creation	START	1711898938611
REQUEST		get	1711898938607	1711898938877	OK	 
REQUEST		get	1711898938607	1711898938885	OK	 
REQUEST		get Redirect 1	1711898938886	1711898939100	OK	 
REQUEST		get Redirect 1	1711898938878	1711898939100	OK	 
USER	Plan creation	END	1711898939107
USER	Plan creation	END	1711898939111
USER	Plan creation	START	1711898939116
USER	Plan creation	START	1711898939116
REQUEST		get	1711898939113	1711898939372	OK	 
REQUEST		get	1711898939114	1711898939376	OK	 
REQUEST		get Redirect 1	1711898939377	1711898939511	OK	 
REQUEST		get Redirect 1	1711898939375	1711898939511	OK	 
USER	Plan creation	END	1711898939515
USER	Plan creation	END	1711898939520
USER	Plan creation	START	1711898939522
USER	Plan creation	START	1711898939522
REQUEST		get	1711898939522	1711898939880	OK	 
REQUEST		get	1711898939520	1711898939880	OK	 
REQUEST		get Redirect 1	1711898939881	1711898940020	OK	 
USER	Plan creation	END	1711898940023
REQUEST		get Redirect 1	1711898939881	1711898940024	OK	 
USER	Plan creation	END	1711898940025
USER	Plan creation	START	1711898940026
USER	Plan creation	START	1711898940027
REQUEST		get	1711898940024	1711898940293	OK	 
REQUEST		get	1711898940026	1711898940293	OK	 
REQUEST		get Redirect 1	1711898940295	1711898940431	OK	 
REQUEST		get Redirect 1	1711898940295	1711898940431	OK	 
USER	Plan creation	END	1711898940436
USER	Plan creation	END	1711898940438
USER	Plan creation	START	1711898940442
USER	Plan creation	START	1711898940442
REQUEST		get	1711898940437	1711898940697	OK	 
REQUEST		get	1711898940439	1711898940808	OK	 
REQUEST		get Redirect 1	1711898940699	1711898940843	OK	 
USER	Plan creation	END	1711898940845
USER	Plan creation	START	1711898940847
REQUEST		get Redirect 1	1711898940811	1711898940952	OK	 
USER	Plan creation	END	1711898940953
USER	Plan creation	START	1711898940954
REQUEST		get	1711898940846	1711898941197	OK	 
REQUEST		get	1711898940953	1711898941208	OK	 
REQUEST		get Redirect 1	1711898941199	1711898941346	OK	 
REQUEST		get Redirect 1	1711898941209	1711898941346	OK	 
USER	Plan creation	END	1711898941349
USER	Plan creation	END	1711898941349
USER	Plan creation	START	1711898941351
USER	Plan creation	START	1711898941351
REQUEST		get	1711898941350	1711898941610	OK	 
REQUEST		get	1711898941350	1711898941610	OK	 
REQUEST		get Redirect 1	1711898941610	1711898941741	OK	 
USER	Plan creation	END	1711898941742
USER	Plan creation	START	1711898941744
REQUEST		get Redirect 1	1711898941610	1711898941750	OK	 
USER	Plan creation	END	1711898941752
USER	Plan creation	START	1711898941754
REQUEST		get	1711898941743	1711898942010	OK	 
REQUEST		get	1711898941753	1711898942020	OK	 
REQUEST		get Redirect 1	1711898942012	1711898942248	OK	 
REQUEST		get Redirect 1	1711898942021	1711898942248	OK	 
USER	Plan creation	END	1711898942250
USER	Plan creation	END	1711898942250
USER	Plan creation	START	1711898942252
USER	Plan creation	START	1711898942252
REQUEST		get	1711898942251	1711898942518	OK	 
REQUEST		get	1711898942251	1711898942518	OK	 
REQUEST		get Redirect 1	1711898942526	1711898942705	OK	 
REQUEST		get Redirect 1	1711898942523	1711898942705	OK	 
USER	Plan creation	END	1711898942711
USER	Plan creation	END	1711898942712
USER	Plan creation	START	1711898942719
USER	Plan creation	START	1711898942719
REQUEST		get	1711898942713	1711898943012	OK	 
REQUEST		get	1711898942715	1711898943020	OK	 
REQUEST		get Redirect 1	1711898943013	1711898943150	OK	 
REQUEST		get Redirect 1	1711898943021	1711898943159	OK	 
USER	Plan creation	END	1711898943160
USER	Plan creation	END	1711898943163
USER	Plan creation	START	1711898943169
USER	Plan creation	START	1711898943169
REQUEST		get	1711898943165	1711898943434	OK	 
REQUEST		get	1711898943164	1711898943440	OK	 
REQUEST		get Redirect 1	1711898943437	1711898943581	OK	 
REQUEST		get Redirect 1	1711898943441	1711898943581	OK	 
USER	Plan creation	END	1711898943585
USER	Plan creation	END	1711898943585
USER	Plan creation	START	1711898943587
USER	Plan creation	START	1711898943587
REQUEST		get	1711898943585	1711898943841	OK	 
REQUEST		get	1711898943585	1711898943941	OK	 
REQUEST		get Redirect 1	1711898943841	1711898943978	OK	 
USER	Plan creation	END	1711898943979
USER	Plan creation	START	1711898943982
REQUEST		get Redirect 1	1711898943942	1711898944083	OK	 
USER	Plan creation	END	1711898944084
USER	Plan creation	START	1711898944089
REQUEST		get	1711898943980	1711898944244	OK	 
REQUEST		get	1711898944086	1711898944355	OK	 
REQUEST		get Redirect 1	1711898944245	1711898944465	OK	 
USER	Plan creation	END	1711898944467
USER	Plan creation	START	1711898944470
REQUEST		get Redirect 1	1711898944361	1711898944492	OK	 
USER	Plan creation	END	1711898944494
USER	Plan creation	START	1711898944497
REQUEST		get	1711898944469	1711898944732	OK	 
REQUEST		get	1711898944496	1711898944752	OK	 
REQUEST		get Redirect 1	1711898944733	1711898944864	OK	 
USER	Plan creation	END	1711898944866
USER	Plan creation	START	1711898944868
REQUEST		get Redirect 1	1711898944753	1711898944886	OK	 
USER	Plan creation	END	1711898944886
USER	Plan creation	START	1711898944890
REQUEST		get	1711898944867	1711898945122	OK	 
REQUEST		get	1711898944889	1711898945152	OK	 
REQUEST		get Redirect 1	1711898945123	1711898945256	OK	 
USER	Plan creation	END	1711898945256
USER	Plan creation	START	1711898945259
REQUEST		get Redirect 1	1711898945153	1711898945284	OK	 
USER	Plan creation	END	1711898945286
USER	Plan creation	START	1711898945289
REQUEST		get	1711898945258	1711898945513	OK	 
REQUEST		get	1711898945287	1711898945543	OK	 
REQUEST		get Redirect 1	1711898945514	1711898945648	OK	 
USER	Plan creation	END	1711898945650
USER	Plan creation	START	1711898945653
REQUEST		get Redirect 1	1711898945543	1711898945673	OK	 
USER	Plan creation	END	1711898945674
USER	Plan creation	START	1711898945675
REQUEST		get	1711898945652	1711898945913	OK	 
REQUEST		get	1711898945675	1711898945933	OK	 
REQUEST		get Redirect 1	1711898945914	1711898946045	OK	 
USER	Plan creation	END	1711898946048
USER	Plan creation	START	1711898946050
REQUEST		get Redirect 1	1711898945934	1711898946064	OK	 
USER	Plan creation	END	1711898946065
USER	Plan creation	START	1711898946068
REQUEST		get	1711898946048	1711898946306	OK	 
REQUEST		get	1711898946067	1711898946326	OK	 
REQUEST		get Redirect 1	1711898946308	1711898946446	OK	 
USER	Plan creation	END	1711898946448
USER	Plan creation	START	1711898946451
REQUEST		get Redirect 1	1711898946327	1711898946455	OK	 
USER	Plan creation	END	1711898946456
USER	Plan creation	START	1711898946459
REQUEST		get	1711898946457	1711898946715	OK	 
REQUEST		get	1711898946449	1711898946718	OK	 
REQUEST		get Redirect 1	1711898946716	1711898946857	OK	 
REQUEST		get Redirect 1	1711898946718	1711898946857	OK	 
USER	Plan creation	END	1711898946859
USER	Plan creation	END	1711898946859
USER	Plan creation	START	1711898946864
USER	Plan creation	START	1711898946865
REQUEST		get	1711898946860	1711898947227	OK	 
REQUEST		get	1711898946860	1711898947227	OK	 
REQUEST		get Redirect 1	1711898947228	1711898947383	OK	 
REQUEST		get Redirect 1	1711898947228	1711898947383	OK	 
USER	Plan creation	END	1711898947387
USER	Plan creation	END	1711898947387
USER	Plan creation	START	1711898947392
USER	Plan creation	START	1711898947392
REQUEST		get	1711898947389	1711898947740	OK	 
REQUEST		get	1711898947390	1711898947740	OK	 
REQUEST		get Redirect 1	1711898947743	1711898947889	OK	 
REQUEST		get Redirect 1	1711898947743	1711898947889	OK	 
USER	Plan creation	END	1711898947890
USER	Plan creation	END	1711898947890
USER	Plan creation	START	1711898947894
USER	Plan creation	START	1711898947894
REQUEST		get	1711898947892	1711898948156	OK	 
REQUEST		get	1711898947892	1711898948266	OK	 
REQUEST		get Redirect 1	1711898948157	1711898948293	OK	 
USER	Plan creation	END	1711898948294
USER	Plan creation	START	1711898948296
REQUEST		get Redirect 1	1711898948266	1711898948413	OK	 
USER	Plan creation	END	1711898948415
USER	Plan creation	START	1711898948416
REQUEST		get	1711898948295	1711898948556	OK	 
REQUEST		get	1711898948416	1711898948676	OK	 
REQUEST		get Redirect 1	1711898948557	1711898948687	OK	 
USER	Plan creation	END	1711898948687
USER	Plan creation	START	1711898948688
REQUEST		get Redirect 1	1711898948676	1711898948818	OK	 
USER	Plan creation	END	1711898948819
USER	Plan creation	START	1711898948821
REQUEST		get	1711898948688	1711898948948	OK	 
REQUEST		get Redirect 1	1711898948948	1711898949081	OK	 
USER	Plan creation	END	1711898949082
USER	Plan creation	START	1711898949085
REQUEST		get	1711898948820	1711898949087	OK	 
REQUEST		get Redirect 1	1711898949087	1711898949217	OK	 
USER	Plan creation	END	1711898949219
USER	Plan creation	START	1711898949220
REQUEST		get	1711898949083	1711898949339	OK	 
REQUEST		get Redirect 1	1711898949340	1711898949469	OK	 
USER	Plan creation	END	1711898949470
USER	Plan creation	START	1711898949473
REQUEST		get	1711898949219	1711898949476	OK	 
REQUEST		get Redirect 1	1711898949477	1711898949609	OK	 
USER	Plan creation	END	1711898949611
USER	Plan creation	START	1711898949613
REQUEST		get	1711898949471	1711898949727	OK	 
REQUEST		get Redirect 1	1711898949728	1711898949865	OK	 
USER	Plan creation	END	1711898949866
REQUEST		get	1711898949611	1711898949867	OK	 
USER	Plan creation	START	1711898949869
REQUEST		get Redirect 1	1711898949867	1711898950000	OK	 
USER	Plan creation	END	1711898950001
USER	Plan creation	START	1711898950003
REQUEST		get	1711898949868	1711898950130	OK	 
REQUEST		get	1711898950002	1711898950259	OK	 
REQUEST		get Redirect 1	1711898950130	1711898950261	OK	 
USER	Plan creation	END	1711898950262
USER	Plan creation	START	1711898950265
REQUEST		get Redirect 1	1711898950260	1711898950405	OK	 
USER	Plan creation	END	1711898950408
USER	Plan creation	START	1711898950412
REQUEST		get	1711898950263	1711898950529	OK	 
REQUEST		get Redirect 1	1711898950530	1711898950659	OK	 
USER	Plan creation	END	1711898950659
USER	Plan creation	START	1711898950661
REQUEST		get	1711898950410	1711898950758	OK	 
REQUEST		get Redirect 1	1711898950759	1711898950888	OK	 
USER	Plan creation	END	1711898950889
USER	Plan creation	START	1711898950890
REQUEST		get	1711898950660	1711898950918	OK	 
REQUEST		get Redirect 1	1711898950919	1711898951050	OK	 
USER	Plan creation	END	1711898951050
USER	Plan creation	START	1711898951052
REQUEST		get	1711898950889	1711898951156	OK	 
REQUEST		get Redirect 1	1711898951157	1711898951294	OK	 
USER	Plan creation	END	1711898951295
USER	Plan creation	START	1711898951298
REQUEST		get	1711898951052	1711898951310	OK	 
REQUEST		get Redirect 1	1711898951310	1711898951441	OK	 
USER	Plan creation	END	1711898951442
USER	Plan creation	START	1711898951444
REQUEST		get	1711898951296	1711898951559	OK	 
REQUEST		get Redirect 1	1711898951560	1711898951691	OK	 
USER	Plan creation	END	1711898951692
USER	Plan creation	START	1711898951696
REQUEST		get	1711898951443	1711898951700	OK	 
REQUEST		get Redirect 1	1711898951702	1711898951832	OK	 
USER	Plan creation	END	1711898951833
USER	Plan creation	START	1711898951837
REQUEST		get	1711898951693	1711898951961	OK	 
REQUEST		get	1711898951836	1711898952094	OK	 
REQUEST		get Redirect 1	1711898951965	1711898952102	OK	 
USER	Plan creation	END	1711898952103
USER	Plan creation	START	1711898952106
REQUEST		get Redirect 1	1711898952097	1711898952233	OK	 
USER	Plan creation	END	1711898952235
USER	Plan creation	START	1711898952237
REQUEST		get	1711898952104	1711898952460	OK	 
REQUEST		get	1711898952236	1711898952500	OK	 
REQUEST		get Redirect 1	1711898952461	1711898952594	OK	 
USER	Plan creation	END	1711898952595
USER	Plan creation	START	1711898952597
REQUEST		get Redirect 1	1711898952500	1711898952633	OK	 
USER	Plan creation	END	1711898952633
USER	Plan creation	START	1711898952635
REQUEST		get	1711898952596	1711898952853	OK	 
REQUEST		get	1711898952634	1711898952987	OK	 
REQUEST		get Redirect 1	1711898952853	1711898952991	OK	 
USER	Plan creation	END	1711898952992
USER	Plan creation	START	1711898952993
REQUEST		get Redirect 1	1711898952991	1711898953124	OK	 
USER	Plan creation	END	1711898953125
USER	Plan creation	START	1711898953126
REQUEST		get	1711898952992	1711898953252	OK	 
REQUEST		get	1711898953125	1711898953385	OK	 
REQUEST		get Redirect 1	1711898953252	1711898953387	OK	 
USER	Plan creation	END	1711898953393
USER	Plan creation	START	1711898953399
REQUEST		get Redirect 1	1711898953387	1711898953535	OK	 
USER	Plan creation	END	1711898953536
USER	Plan creation	START	1711898953537
REQUEST		get	1711898953398	1711898953662	OK	 
REQUEST		get	1711898953536	1711898953793	OK	 
REQUEST		get Redirect 1	1711898953663	1711898953806	OK	 
USER	Plan creation	END	1711898953808
USER	Plan creation	START	1711898953810
REQUEST		get Redirect 1	1711898953794	1711898953926	OK	 
USER	Plan creation	END	1711898953926
USER	Plan creation	START	1711898953930
REQUEST		get	1711898953809	1711898954072	OK	 
REQUEST		get	1711898953927	1711898954192	OK	 
REQUEST		get Redirect 1	1711898954072	1711898954299	OK	 
USER	Plan creation	END	1711898954300
USER	Plan creation	START	1711898954305
REQUEST		get Redirect 1	1711898954193	1711898954326	OK	 
USER	Plan creation	END	1711898954327
USER	Plan creation	START	1711898954331
REQUEST		get	1711898954302	1711898954561	OK	 
REQUEST		get	1711898954329	1711898954592	OK	 
REQUEST		get Redirect 1	1711898954563	1711898954693	OK	 
USER	Plan creation	END	1711898954694
USER	Plan creation	START	1711898954695
REQUEST		get Redirect 1	1711898954592	1711898954724	OK	 
USER	Plan creation	END	1711898954725
USER	Plan creation	START	1711898954726
REQUEST		get	1711898954694	1711898954953	OK	 
REQUEST		get	1711898954725	1711898954984	OK	 
REQUEST		get Redirect 1	1711898954953	1711898955085	OK	 
USER	Plan creation	END	1711898955086
USER	Plan creation	START	1711898955087
REQUEST		get Redirect 1	1711898954984	1711898955115	OK	 
USER	Plan creation	END	1711898955115
USER	Plan creation	START	1711898955118
REQUEST		get	1711898955087	1711898955348	OK	 
REQUEST		get	1711898955118	1711898955474	OK	 
REQUEST		get Redirect 1	1711898955348	1711898955485	OK	 
USER	Plan creation	END	1711898955486
USER	Plan creation	START	1711898955488
REQUEST		get Redirect 1	1711898955474	1711898955605	OK	 
USER	Plan creation	END	1711898955606
USER	Plan creation	START	1711898955607
REQUEST		get	1711898955487	1711898955743	OK	 
REQUEST		get	1711898955606	1711898955870	OK	 
REQUEST		get Redirect 1	1711898955743	1711898955876	OK	 
USER	Plan creation	END	1711898955877
USER	Plan creation	START	1711898955878
REQUEST		get Redirect 1	1711898955871	1711898956014	OK	 
USER	Plan creation	END	1711898956015
USER	Plan creation	START	1711898956016
REQUEST		get	1711898955878	1711898956147	OK	 
REQUEST		get	1711898956016	1711898956279	OK	 
REQUEST		get Redirect 1	1711898956149	1711898956281	OK	 
USER	Plan creation	END	1711898956283
USER	Plan creation	START	1711898956285
REQUEST		get Redirect 1	1711898956280	1711898956421	OK	 
USER	Plan creation	END	1711898956423
USER	Plan creation	START	1711898956424
REQUEST		get	1711898956284	1711898956545	OK	 
REQUEST		get Redirect 1	1711898956546	1711898956677	OK	 
USER	Plan creation	END	1711898956678
USER	Plan creation	START	1711898956679
REQUEST		get	1711898956423	1711898956684	OK	 
REQUEST		get Redirect 1	1711898956685	1711898956817	OK	 
USER	Plan creation	END	1711898956819
USER	Plan creation	START	1711898956822
REQUEST		get	1711898956678	1711898956935	OK	 
REQUEST		get Redirect 1	1711898956936	1711898957066	OK	 
USER	Plan creation	END	1711898957068
USER	Plan creation	START	1711898957070
REQUEST		get	1711898956820	1711898957085	OK	 
REQUEST		get Redirect 1	1711898957086	1711898957216	OK	 
USER	Plan creation	END	1711898957217
USER	Plan creation	START	1711898957218
REQUEST		get	1711898957069	1711898957325	OK	 
REQUEST		get Redirect 1	1711898957326	1711898957459	OK	 
USER	Plan creation	END	1711898957461
USER	Plan creation	START	1711898957464
REQUEST		get	1711898957217	1711898957476	OK	 
REQUEST		get Redirect 1	1711898957476	1711898957607	OK	 
USER	Plan creation	END	1711898957608
USER	Plan creation	START	1711898957609
REQUEST		get	1711898957463	1711898957726	OK	 
REQUEST		get Redirect 1	1711898957726	1711898957859	OK	 
USER	Plan creation	END	1711898957860
USER	Plan creation	START	1711898957861
REQUEST		get	1711898957608	1711898957866	OK	 
REQUEST		get Redirect 1	1711898957866	1711898957997	OK	 
USER	Plan creation	END	1711898957997
USER	Plan creation	START	1711898957998
REQUEST		get	1711898957860	1711898958117	OK	 
REQUEST		get Redirect 1	1711898958118	1711898958249	OK	 
USER	Plan creation	END	1711898958250
USER	Plan creation	START	1711898958251
REQUEST		get	1711898957998	1711898958256	OK	 
REQUEST		get Redirect 1	1711898958257	1711898958389	OK	 
USER	Plan creation	END	1711898958390
USER	Plan creation	START	1711898958393
REQUEST		get	1711898958251	1711898958507	OK	 
REQUEST		get Redirect 1	1711898958508	1711898958640	OK	 
USER	Plan creation	END	1711898958641
USER	Plan creation	START	1711898958643
REQUEST		get	1711898958392	1711898958646	OK	 
REQUEST		get Redirect 1	1711898958646	1711898958779	OK	 
USER	Plan creation	END	1711898958780
USER	Plan creation	START	1711898958784
REQUEST		get	1711898958642	1711898958897	OK	 
REQUEST		get Redirect 1	1711898958897	1711898959030	OK	 
USER	Plan creation	END	1711898959031
USER	Plan creation	START	1711898959034
REQUEST		get	1711898958781	1711898959038	OK	 
REQUEST		get Redirect 1	1711898959039	1711898959172	OK	 
USER	Plan creation	END	1711898959173
USER	Plan creation	START	1711898959175
REQUEST		get	1711898959033	1711898959288	OK	 
REQUEST		get Redirect 1	1711898959289	1711898959420	OK	 
USER	Plan creation	END	1711898959421
USER	Plan creation	START	1711898959424
REQUEST		get	1711898959174	1711898959438	OK	 
REQUEST		get Redirect 1	1711898959438	1711898959571	OK	 
USER	Plan creation	END	1711898959572
USER	Plan creation	START	1711898959572
REQUEST		get	1711898959423	1711898959679	OK	 
REQUEST		get Redirect 1	1711898959680	1711898959819	OK	 
USER	Plan creation	END	1711898959821
USER	Plan creation	START	1711898959822
REQUEST		get	1711898959572	1711898959839	OK	 
REQUEST		get Redirect 1	1711898959839	1711898959975	OK	 
USER	Plan creation	END	1711898959976
USER	Plan creation	START	1711898959978
REQUEST		get	1711898959822	1711898960080	OK	 
REQUEST		get Redirect 1	1711898960081	1711898960210	OK	 
USER	Plan creation	END	1711898960211
USER	Plan creation	START	1711898960213
REQUEST		get	1711898959977	1711898960321	OK	 
REQUEST		get Redirect 1	1711898960322	1711898960467	OK	 
USER	Plan creation	END	1711898960469
REQUEST		get	1711898960212	1711898960471	OK	 
USER	Plan creation	START	1711898960479
REQUEST		get Redirect 1	1711898960472	1711898960612	OK	 
USER	Plan creation	END	1711898960613
USER	Plan creation	START	1711898960617
REQUEST		get	1711898960472	1711898960747	OK	 
REQUEST		get	1711898960615	1711898960895	OK	 
REQUEST		get Redirect 1	1711898960748	1711898960899	OK	 
USER	Plan creation	END	1711898960901
USER	Plan creation	START	1711898960908
REQUEST		get Redirect 1	1711898960899	1711898961124	OK	 
USER	Plan creation	END	1711898961126
USER	Plan creation	START	1711898961130
REQUEST		get	1711898960906	1711898961257	OK	 
REQUEST		get	1711898961128	1711898961403	OK	 
REQUEST		get Redirect 1	1711898961258	1711898961404	OK	 
USER	Plan creation	END	1711898961405
USER	Plan creation	START	1711898961407
REQUEST		get Redirect 1	1711898961404	1711898961535	OK	 
USER	Plan creation	END	1711898961543
USER	Plan creation	START	1711898961546
REQUEST		get	1711898961406	1711898961771	OK	 
REQUEST		get	1711898961545	1711898961893	OK	 
REQUEST		get Redirect 1	1711898961774	1711898961911	OK	 
USER	Plan creation	END	1711898961912
USER	Plan creation	START	1711898961913
REQUEST		get Redirect 1	1711898961894	1711898962022	OK	 
USER	Plan creation	END	1711898962023
USER	Plan creation	START	1711898962025
REQUEST		get	1711898961913	1711898962171	OK	 
REQUEST		get	1711898962024	1711898962290	OK	 
REQUEST		get Redirect 1	1711898962172	1711898962302	OK	 
USER	Plan creation	END	1711898962303
USER	Plan creation	START	1711898962304
REQUEST		get Redirect 1	1711898962291	1711898962422	OK	 
USER	Plan creation	END	1711898962423
USER	Plan creation	START	1711898962424
REQUEST		get	1711898962303	1711898962560	OK	 
REQUEST		get	1711898962424	1711898962686	OK	 
REQUEST		get Redirect 1	1711898962561	1711898962693	OK	 
USER	Plan creation	END	1711898962694
USER	Plan creation	START	1711898962701
REQUEST		get Redirect 1	1711898962687	1711898962823	OK	 
USER	Plan creation	END	1711898962823
REQUEST		get	1711898962695	1711898962963	OK	 
REQUEST		get Redirect 1	1711898962964	1711898963105	OK	 
USER	Plan creation	END	1711898963105
