RUN	org.example.scenarios.api.JavaGatling	javagatling	1711387878963	 	3.10.4
USER	Plan creation	START	1711387879441
USER	Plan creation	START	1711387879442
USER	Plan creation	START	1711387879442
USER	Plan creation	START	1711387879442
USER	Plan creation	START	1711387879443
USER	Plan creation	START	1711387879443
USER	Plan creation	START	1711387879444
USER	Plan creation	START	1711387879444
USER	Plan creation	START	1711387879444
USER	Plan creation	START	1711387879445
USER	Plan creation	START	1711387879446
USER	Plan creation	START	1711387879447
USER	Plan creation	START	1711387879453
USER	Plan creation	START	1711387879454
USER	Plan creation	START	1711387879454
REQUEST		get	1711387879444	1711387879461	OK	 
REQUEST		get	1711387879441	1711387879458	OK	 
REQUEST		get	1711387879442	1711387879467	OK	 
REQUEST		get	1711387879438	1711387879468	OK	 
REQUEST		get	1711387879444	1711387879463	OK	 
REQUEST		get	1711387879454	1711387879469	OK	 
REQUEST		get	1711387879437	1711387879470	OK	 
REQUEST		get	1711387879444	1711387879470	OK	 
REQUEST		get	1711387879442	1711387879459	OK	 
REQUEST		get	1711387879446	1711387879470	OK	 
REQUEST		get	1711387879453	1711387879471	OK	 
REQUEST		get	1711387879437	1711387879471	OK	 
REQUEST		get	1711387879441	1711387879455	OK	 
REQUEST		get	1711387879447	1711387879457	OK	 
REQUEST		get	1711387879444	1711387879474	OK	 
REQUEST		get Redirect 1	1711387879467	1711387879478	OK	 
REQUEST		get Redirect 1	1711387879469	1711387879481	OK	 
REQUEST		get Redirect 1	1711387879470	1711387879486	OK	 
REQUEST		get Redirect 1	1711387879468	1711387879480	OK	 
REQUEST		get Redirect 1	1711387879473	1711387879486	OK	 
REQUEST		get Redirect 1	1711387879472	1711387879488	OK	 
USER	Plan creation	END	1711387879488
USER	Plan creation	END	1711387879488
USER	Plan creation	END	1711387879488
REQUEST		get Redirect 1	1711387879467	1711387879489	OK	 
REQUEST		get Redirect 1	1711387879472	1711387879490	OK	 
USER	Plan creation	END	1711387879491
USER	Plan creation	END	1711387879491
USER	Plan creation	END	1711387879492
REQUEST		get Redirect 1	1711387879466	1711387879491	OK	 
USER	Plan creation	END	1711387879492
REQUEST		get Redirect 1	1711387879474	1711387879492	OK	 
USER	Plan creation	END	1711387879493
USER	Plan creation	END	1711387879493
REQUEST		get Redirect 1	1711387879469	1711387879477	OK	 
USER	Plan creation	END	1711387879494
USER	Plan creation	END	1711387879495
REQUEST		get Redirect 1	1711387879471	1711387879495	OK	 
REQUEST		get Redirect 1	1711387879471	1711387879496	OK	 
USER	Plan creation	END	1711387879496
USER	Plan creation	END	1711387879496
REQUEST		get Redirect 1	1711387879470	1711387879496	OK	 
REQUEST		get Redirect 1	1711387879470	1711387879494	OK	 
USER	Plan creation	END	1711387879497
USER	Plan creation	END	1711387879497
