RUN	org.example.scenarios.api.JavaGatling	javagatling	1711387449549	 	3.10.4
USER	Plan creation	START	1711387450282
USER	Plan creation	START	1711387450283
USER	Plan creation	START	1711387450283
USER	Plan creation	START	1711387450284
USER	Plan creation	START	1711387450284
USER	Plan creation	START	1711387450284
USER	Plan creation	START	1711387450284
USER	Plan creation	START	1711387450285
USER	Plan creation	START	1711387450285
USER	Plan creation	START	1711387450286
USER	Plan creation	START	1711387450286
USER	Plan creation	START	1711387450286
USER	Plan creation	START	1711387450287
USER	Plan creation	START	1711387450288
USER	Plan creation	START	1711387450291
REQUEST		get	1711387450278	1711387450299	OK	 
REQUEST		get	1711387450285	1711387450307	OK	 
REQUEST		get	1711387450282	1711387450303	OK	 
REQUEST		get	1711387450278	1711387450313	OK	 
REQUEST		get	1711387450278	1711387450317	OK	 
REQUEST		get	1711387450289	1711387450318	OK	 
REQUEST		get	1711387450278	1711387450318	OK	 
REQUEST		get	1711387450278	1711387450319	OK	 
REQUEST		get	1711387450278	1711387450319	OK	 
REQUEST		get	1711387450285	1711387450319	OK	 
REQUEST		get	1711387450278	1711387450320	OK	 
REQUEST		get	1711387450285	1711387450320	OK	 
REQUEST		get	1711387450286	1711387450321	OK	 
REQUEST		get	1711387450278	1711387450321	OK	 
REQUEST		get	1711387450285	1711387450322	OK	 
REQUEST		get Redirect 1	1711387450318	1711387450333	OK	 
REQUEST		get Redirect 1	1711387450312	1711387450327	OK	 
REQUEST		get Redirect 1	1711387450310	1711387450324	OK	 
REQUEST		get Redirect 1	1711387450311	1711387450331	OK	 
USER	Plan creation	END	1711387450335
USER	Plan creation	END	1711387450336
REQUEST		get Redirect 1	1711387450314	1711387450336	OK	 
USER	Plan creation	END	1711387450337
USER	Plan creation	END	1711387450337
REQUEST		get Redirect 1	1711387450319	1711387450335	OK	 
USER	Plan creation	END	1711387450337
USER	Plan creation	END	1711387450338
REQUEST		get Redirect 1	1711387450318	1711387450338	OK	 
USER	Plan creation	END	1711387450339
REQUEST		get Redirect 1	1711387450319	1711387450340	OK	 
USER	Plan creation	END	1711387450340
REQUEST		get Redirect 1	1711387450320	1711387450342	OK	 
REQUEST		get Redirect 1	1711387450321	1711387450343	OK	 
REQUEST		get Redirect 1	1711387450323	1711387450344	OK	 
USER	Plan creation	END	1711387450345
REQUEST		get Redirect 1	1711387450321	1711387450345	OK	 
USER	Plan creation	END	1711387450345
USER	Plan creation	END	1711387450345
USER	Plan creation	END	1711387450345
REQUEST		get Redirect 1	1711387450318	1711387450347	OK	 
USER	Plan creation	END	1711387450347
REQUEST		get Redirect 1	1711387450319	1711387450349	OK	 
USER	Plan creation	END	1711387450349
REQUEST		get Redirect 1	1711387450322	1711387450350	OK	 
USER	Plan creation	END	1711387450351
