RUN	org.example.scenarios.api.JavaGatling	javagatling	1711371714591	 	3.10.4
USER	Plan creation	START	1711371715458
USER	Plan creation	START	1711371715459
USER	Plan creation	START	1711371715463
USER	Plan creation	START	1711371715462
USER	Plan creation	START	1711371715463
USER	Plan creation	START	1711371715463
USER	Plan creation	START	1711371715464
USER	Plan creation	START	1711371715465
USER	Plan creation	START	1711371715465
USER	Plan creation	START	1711371715465
USER	Plan creation	START	1711371715465
USER	Plan creation	START	1711371715466
USER	Plan creation	START	1711371715466
USER	Plan creation	START	1711371715466
USER	Plan creation	START	1711371715467
REQUEST		get	1711371715425	1711371715778	OK	 
REQUEST		get	1711371715424	1711371715775	OK	 
REQUEST		get	1711371715425	1711371715775	OK	 
REQUEST		get	1711371715424	1711371715775	OK	 
REQUEST		get	1711371715424	1711371715777	OK	 
REQUEST		get	1711371715424	1711371715783	OK	 
REQUEST		get	1711371715425	1711371715775	OK	 
REQUEST		get	1711371715424	1711371715784	OK	 
REQUEST		get	1711371715424	1711371715775	OK	 
REQUEST		get	1711371715425	1711371715777	OK	 
REQUEST		get	1711371715425	1711371715776	OK	 
REQUEST		get	1711371715425	1711371715776	OK	 
REQUEST		get	1711371715425	1711371715784	OK	 
REQUEST		get	1711371715424	1711371715776	OK	 
REQUEST		get	1711371715424	1711371715774	OK	 
REQUEST		get Redirect 1	1711371715938	1711371716276	OK	 
REQUEST		get Redirect 1	1711371715937	1711371716276	OK	 
REQUEST		get Redirect 1	1711371715937	1711371716263	OK	 
REQUEST		get Redirect 1	1711371715938	1711371716263	OK	 
REQUEST		get Redirect 1	1711371715937	1711371716276	OK	 
REQUEST		get Redirect 1	1711371715937	1711371716263	OK	 
REQUEST		get Redirect 1	1711371715939	1711371716248	OK	 
REQUEST		get Redirect 1	1711371715938	1711371716263	OK	 
REQUEST		get Redirect 1	1711371715938	1711371716263	OK	 
REQUEST		get Redirect 1	1711371715939	1711371716263	OK	 
REQUEST		get Redirect 1	1711371715936	1711371716263	OK	 
REQUEST		get Redirect 1	1711371715938	1711371716250	OK	 
REQUEST		get Redirect 1	1711371715937	1711371716244	OK	 
REQUEST		get Redirect 1	1711371715938	1711371716250	OK	 
REQUEST		get Redirect 1	1711371715937	1711371716276	OK	 
USER	Plan creation	END	1711371716300
USER	Plan creation	END	1711371716300
USER	Plan creation	END	1711371716300
USER	Plan creation	END	1711371716300
USER	Plan creation	END	1711371716300
USER	Plan creation	END	1711371716300
USER	Plan creation	END	1711371716300
USER	Plan creation	END	1711371716300
USER	Plan creation	END	1711371716301
USER	Plan creation	END	1711371716301
USER	Plan creation	END	1711371716301
USER	Plan creation	END	1711371716307
USER	Plan creation	END	1711371716308
USER	Plan creation	END	1711371716308
USER	Plan creation	END	1711371716311
