RUN	org.example.scenarios.api.JavaGatling	javagatling	1711384268521	 	3.10.4
USER	Plan creation	START	1711384269224
USER	Plan creation	START	1711384269223
USER	Plan creation	START	1711384269225
USER	Plan creation	START	1711384269226
USER	Plan creation	START	1711384269226
USER	Plan creation	START	1711384269226
USER	Plan creation	START	1711384269227
USER	Plan creation	START	1711384269227
USER	Plan creation	START	1711384269227
USER	Plan creation	START	1711384269228
USER	Plan creation	START	1711384269228
USER	Plan creation	START	1711384269225
USER	Plan creation	START	1711384269228
USER	Plan creation	START	1711384269230
USER	Plan creation	START	1711384269230
REQUEST		get	1711384269226	1711384269304	OK	 
REQUEST		get	1711384269230	1711384269301	OK	 
REQUEST		get	1711384269227	1711384269311	OK	 
REQUEST		get	1711384269219	1711384269311	OK	 
REQUEST		get	1711384269225	1711384269301	OK	 
REQUEST		get	1711384269220	1711384269314	OK	 
REQUEST		get	1711384269219	1711384269316	OK	 
REQUEST		get	1711384269219	1711384269316	OK	 
REQUEST		get	1711384269228	1711384269317	OK	 
REQUEST		get	1711384269219	1711384269318	OK	 
REQUEST		get	1711384269219	1711384269318	OK	 
REQUEST		get	1711384269228	1711384269320	OK	 
REQUEST		get	1711384269224	1711384269320	OK	 
REQUEST		get	1711384269219	1711384269321	OK	 
REQUEST		get	1711384269221	1711384269321	OK	 
REQUEST		get Redirect 1	1711384269317	1711384269359	OK	 
REQUEST		get Redirect 1	1711384269310	1711384269355	OK	 
USER	Plan creation	END	1711384269365
USER	Plan creation	END	1711384269366
REQUEST		get Redirect 1	1711384269315	1711384269367	OK	 
USER	Plan creation	END	1711384269368
REQUEST		get Redirect 1	1711384269311	1711384269370	OK	 
USER	Plan creation	END	1711384269371
REQUEST		get Redirect 1	1711384269318	1711384269372	OK	 
USER	Plan creation	END	1711384269374
REQUEST		get Redirect 1	1711384269316	1711384269378	OK	 
USER	Plan creation	END	1711384269379
REQUEST		get Redirect 1	1711384269320	1711384269379	OK	 
USER	Plan creation	END	1711384269380
REQUEST		get Redirect 1	1711384269318	1711384269386	OK	 
REQUEST		get Redirect 1	1711384269321	1711384269386	OK	 
USER	Plan creation	END	1711384269386
USER	Plan creation	END	1711384269386
REQUEST		get Redirect 1	1711384269311	1711384269387	OK	 
USER	Plan creation	END	1711384269388
REQUEST		get Redirect 1	1711384269321	1711384269390	OK	 
USER	Plan creation	END	1711384269391
REQUEST		get Redirect 1	1711384269321	1711384269392	OK	 
USER	Plan creation	END	1711384269392
REQUEST		get Redirect 1	1711384269316	1711384269397	OK	 
USER	Plan creation	END	1711384269398
REQUEST		get Redirect 1	1711384269311	1711384269399	OK	 
REQUEST		get Redirect 1	1711384269312	1711384269399	OK	 
USER	Plan creation	END	1711384269400
USER	Plan creation	END	1711384269400
