RUN	org.example.scenarios.api.JavaGatling	javagatling	1711389205571	 	3.10.4
USER	Plan creation	START	1711389206062
USER	Plan creation	START	1711389206063
USER	Plan creation	START	1711389206063
USER	Plan creation	START	1711389206063
USER	Plan creation	START	1711389206066
USER	Plan creation	START	1711389206066
USER	Plan creation	START	1711389206066
USER	Plan creation	START	1711389206066
USER	Plan creation	START	1711389206067
USER	Plan creation	START	1711389206068
USER	Plan creation	START	1711389206068
USER	Plan creation	START	1711389206069
USER	Plan creation	START	1711389206069
USER	Plan creation	START	1711389206076
USER	Plan creation	START	1711389206077
REQUEST		get	1711389206076	1711389206087	OK	 
REQUEST		get	1711389206069	1711389206083	OK	 
REQUEST		get	1711389206063	1711389206079	OK	 
REQUEST		get	1711389206059	1711389206086	OK	 
REQUEST		get	1711389206059	1711389206091	OK	 
REQUEST		get	1711389206057	1711389206091	OK	 
REQUEST		get	1711389206060	1711389206091	OK	 
REQUEST		get	1711389206066	1711389206091	OK	 
REQUEST		get	1711389206068	1711389206082	OK	 
REQUEST		get	1711389206059	1711389206081	OK	 
REQUEST		get	1711389206059	1711389206088	OK	 
REQUEST		get	1711389206066	1711389206095	OK	 
REQUEST		get	1711389206059	1711389206083	OK	 
REQUEST		get	1711389206063	1711389206096	OK	 
REQUEST		get	1711389206059	1711389206096	OK	 
REQUEST		get Redirect 1	1711389206096	1711389206108	OK	 
REQUEST		get Redirect 1	1711389206090	1711389206101	OK	 
REQUEST		get Redirect 1	1711389206090	1711389206104	OK	 
REQUEST		get Redirect 1	1711389206095	1711389206106	OK	 
REQUEST		get Redirect 1	1711389206090	1711389206107	OK	 
REQUEST		get Redirect 1	1711389206094	1711389206108	OK	 
REQUEST		get Redirect 1	1711389206090	1711389206101	OK	 
USER	Plan creation	END	1711389206111
USER	Plan creation	END	1711389206112
USER	Plan creation	END	1711389206112
REQUEST		get Redirect 1	1711389206091	1711389206112	OK	 
USER	Plan creation	END	1711389206112
USER	Plan creation	END	1711389206112
REQUEST		get Redirect 1	1711389206091	1711389206113	OK	 
REQUEST		get Redirect 1	1711389206096	1711389206107	OK	 
REQUEST		get Redirect 1	1711389206096	1711389206113	OK	 
USER	Plan creation	END	1711389206114
USER	Plan creation	END	1711389206114
USER	Plan creation	END	1711389206114
USER	Plan creation	END	1711389206114
USER	Plan creation	END	1711389206115
REQUEST		get Redirect 1	1711389206094	1711389206115	OK	 
REQUEST		get Redirect 1	1711389206096	1711389206116	OK	 
REQUEST		get Redirect 1	1711389206091	1711389206114	OK	 
USER	Plan creation	END	1711389206117
USER	Plan creation	END	1711389206117
REQUEST		get Redirect 1	1711389206091	1711389206118	OK	 
USER	Plan creation	END	1711389206119
USER	Plan creation	END	1711389206119
USER	Plan creation	END	1711389206119
